<?xml version="1.0" encoding="UTF-8"?>
<!-- Generated by org.testng.reporters.JUnitReportReporter -->
<testsuite hostname="DESKTOP-5IPPVIC" failures="0" tests="1" name="myNameTest.myNameTest" time="0.413" errors="0" timestamp="2023-04-27T11:23:51 PDT" skipped="0">
  <testcase classname="myNameTest.myNameTest" name="nameAppearsInAllSearchResults" time="0.413"/>
  <system-out/>
</testsuite> <!-- myNameTest.myNameTest -->
